<?xml version="1.0" encoding="UTF-8"?>
<testsuite xmlns:xsi="http://www.w3.org/2001/XMLSchema-instance" xsi:noNamespaceSchemaLocation="https://maven.apache.org/surefire/maven-surefire-plugin/xsd/surefire-test-report-3.0.xsd" version="3.0" name="com.formation.integcontinue.AppTest" time="0.02" tests="1" errors="0" skipped="0" failures="0">
  <properties>
    <property name="sun.desktop" value="windows"/>
    <property name="awt.toolkit" value="sun.awt.windows.WToolkit"/>
    <property name="java.specification.version" value="11"/>
    <property name="sun.cpu.isalist" value="amd64"/>
    <property name="sun.jnu.encoding" value="Cp1252"/>
    <property name="java.class.path" value="C:\integ_continue\apps\hello-world-app\target\test-classes;C:\integ_continue\apps\hello-world-app\target\classes;C:\Users\oumay\.m2\repository\junit\junit\3.8.1\junit-3.8.1.jar;"/>
    <property name="java.vm.vendor" value="Oracle Corporation"/>
    <property name="sun.arch.data.model" value="64"/>
    <property name="user.variant" value=""/>
    <property name="java.vendor.url" value="http://java.oracle.com/"/>
    <property name="user.timezone" value="Africa/Luanda"/>
    <property name="user.country.format" value="TN"/>
    <property name="java.vm.specification.version" value="11"/>
    <property name="os.name" value="Windows 10"/>
    <property name="sun.java.launcher" value="SUN_STANDARD"/>
    <property name="user.country" value="FR"/>
    <property name="sun.boot.library.path" value="C:\java\jdk-11.0.0.1\bin"/>
    <property name="sun.java.command" value="C:\Users\oumay\AppData\Local\Temp\surefire10407240023573657614\surefirebooter-20231112173846582_3.jar C:\Users\oumay\AppData\Local\Temp\surefire10407240023573657614 2023-11-12T17-38-44_555-jvmRun1 surefire-20231112173846582_1tmp surefire_0-20231112173846582_2tmp"/>
    <property name="jdk.debug" value="release"/>
    <property name="surefire.test.class.path" value="C:\integ_continue\apps\hello-world-app\target\test-classes;C:\integ_continue\apps\hello-world-app\target\classes;C:\Users\oumay\.m2\repository\junit\junit\3.8.1\junit-3.8.1.jar;"/>
    <property name="sun.cpu.endian" value="little"/>
    <property name="user.home" value="C:\Users\oumay"/>
    <property name="user.language" value="fr"/>
    <property name="java.specification.vendor" value="Oracle Corporation"/>
    <property name="java.version.date" value="2023-05-09"/>
    <property name="java.home" value="C:\java\jdk-11.0.0.1"/>
    <property name="file.separator" value="\"/>
    <property name="basedir" value="C:\integ_continue\apps\hello-world-app"/>
    <property name="java.vm.compressedOopsMode" value="Zero based"/>
    <property name="line.separator" value="&#10;"/>
    <property name="java.specification.name" value="Java Platform API Specification"/>
    <property name="java.vm.specification.vendor" value="Oracle Corporation"/>
    <property name="java.awt.graphicsenv" value="sun.awt.Win32GraphicsEnvironment"/>
    <property name="surefire.real.class.path" value="C:\Users\oumay\AppData\Local\Temp\surefire10407240023573657614\surefirebooter-20231112173846582_3.jar"/>
    <property name="user.script" value=""/>
    <property name="sun.management.compiler" value="HotSpot 64-Bit Tiered Compilers"/>
    <property name="java.runtime.version" value="11.0.0.1+3-5"/>
    <property name="user.name" value="oumay"/>
    <property name="path.separator" value=";"/>
    <property name="os.version" value="10.0"/>
    <property name="java.runtime.name" value="OpenJDK Runtime Environment"/>
    <property name="file.encoding" value="Cp1252"/>
    <property name="java.vm.name" value="OpenJDK 64-Bit Server VM"/>
    <property name="java.vendor.version" value="18.9"/>
    <property name="localRepository" value="C:\Users\oumay\.m2\repository"/>
    <property name="java.vendor.url.bug" value="http://bugreport.java.com/bugreport/"/>
    <property name="java.io.tmpdir" value="C:\Users\oumay\AppData\Local\Temp\"/>
    <property name="java.version" value="11.0.0.1"/>
    <property name="user.dir" value="C:\integ_continue\apps\hello-world-app"/>
    <property name="os.arch" value="amd64"/>
    <property name="java.vm.specification.name" value="Java Virtual Machine Specification"/>
    <property name="java.awt.printerjob" value="sun.awt.windows.WPrinterJob"/>
    <property name="sun.os.patch.level" value=""/>
    <property name="java.library.path" value="C:\java\jdk-11.0.0.1\bin;C:\Windows\Sun\Java\bin;C:\Windows\system32;C:\Windows;C:\Python312\Scripts\;C:\Python312\;C:\Program Files\Common Files\Oracle\Java\javapath;C:\Program Files (x86)\Common Files\Oracle\Java\javapath;C:\Windows\system32;C:\Windows;C:\Windows\System32\Wbem;C:\Windows\System32\WindowsPowerShell\v1.0\;C:\Windows\System32\OpenSSH\;C:\java\jdk-11.0.0.1\bin;C:\Program Files\MongoDB\Server\5.0\bin;C:\Program Files\MySQL\MySQL Server 8.0\bin;C:\Vagrant\bin;C:\ProgramData\chocolatey\bin;C:\Program Files\Git\cmd;C:\Program Files\nodejs\;C:\spark-3.4.1-bin-hadoop3\bin;% HADOOP_HOME%\bin;C:\Program Files\maven\apache-maven-3.9.5\bin;C:\Users\oumay\Python\Python310\Scripts\;C:\Users\oumay\Python\Python310\;C:\Program Files\MySQL\MySQL Shell 8.0\bin\;C:\Users\oumay\AppData\Local\Microsoft\WindowsApps;C:\Users\oumay\Desktop\3Ã¨meBI\PyCharm Community Edition 2021.2.3\bin;;C:\Users\oumay\AppData\Local\Programs\Microsoft VS Code\bin;C:\Users\oumay\AppData\Roaming\Python\Python310\Scripts;C:\flutter\bin;C:\Program Files\MySQL\MySQL Server 8.0\bin;C:\Program Files\MongoDB\Server\5.0\bin;C:\Users\oumay\Downloads\mongosh-1.6.0-win32-x64\mongosh-1.6.0-win32-x64\bin;C:\Program Files\Tesseract-OCR;C:\Program Files\Apache Software Foundation\Tomcat 10.0\apache-tomcat-10.0.10\bin;C:\Users\oumay\AppData\Roaming\npm;C:\spark-3.4.1-bin-hadoop3\bin;% HADOOP_HOME%\bin;&quot;C:\Python312\Scripts\;C:\Python312\;C:\Program Files\Common Files\Oracle\Java\javapath;C:\Program Files (x86)\Common Files\Oracle\Java\javapath;C:\Windows\system32;C:\Windows;C:\Windows\System32\Wbem;C:\Windows\System32\WindowsPowerShell\v1.0\;C:\Windows\System32\OpenSSH\;C:\java\jdk-11.0.0.1\bin;C:\Program Files\MongoDB\Server\5.0\bin;C:\Program Files\MySQL\MySQL Server 8.0\bin;C:\Vagrant\bin;C:\ProgramData\chocolatey\bin;C:\Program Files\Git\cmd;C:\Program Files\nodejs\;C:\spark-3.4.1-bin-hadoop3\bin;% HADOOP_HOME%\bin;C:\Program Files\maven\apache-maven-3.9.5\bin;;C:\Program Files\maven\apache-maven-3.9.5\bin&quot;;;."/>
    <property name="java.vendor" value="Oracle Corporation"/>
    <property name="java.vm.info" value="mixed mode"/>
    <property name="java.vm.version" value="11.0.0.1+3-5"/>
    <property name="java.specification.maintenance.version" value="2"/>
    <property name="sun.io.unicode.encoding" value="UnicodeLittle"/>
    <property name="java.class.version" value="55.0"/>
  </properties>
  <testcase name="testApp" classname="com.formation.integcontinue.AppTest" time="0.005"/>
</testsuite>